# JRE version: OpenJDK Runtime Environment (17.0.6) (build 17.0.6+0-b2043.56-9586694)
# Java VM: OpenJDK 64-Bit Server VM (17.0.6+0-b2043.56-9586694, mixed mode, tiered, compressed oops, compressed class ptrs, g1 gc, windows-amd64)
GC Precious Log:
 CPUs: 4 total, 4 available
 Memory: 7991M
 Large Page Support: Disabled
 NUMA Support: Disabled
 Compressed Oops: Enabled (32-bit)
 Heap Region Size: 1M
 Heap Min Capacity: 8M
 Heap Initial Capacity: 126M
 Heap Max Capacity: 1998M
 Pre-touch: Disabled
 Parallel Workers: 4
 Concurrent Workers: 1
 Concurrent Refinement Workers: 4
 Periodic GC: Disabled
Heap:
 garbage-first heap   total 129024K, used 35440K [0x0000000083200000, 0x0000000100000000)
  region size 1024K, 3 young (3072K), 3 survivors (3072K)
 Metaspace       used 52378K, committed 52736K, reserved 1097728K
  class space    used 6296K, committed 6464K, reserved 1048576K
GC Heap History (20 events):
Event: 0.763 GC heap after
{Heap after GC invocations=2 (full 0):
 garbage-first heap   total 129024K, used 7979K [0x0000000083200000, 0x0000000100000000)
  region size 1024K, 2 young (2048K), 2 survivors (2048K)
 Metaspace       used 14611K, committed 14720K, reserved 1064960K
  class space    used 1451K, committed 1536K, reserved 1048576K
}
Event: 1.137 GC heap before
{Heap before GC invocations=2 (full 0):
 garbage-first heap   total 129024K, used 32555K [0x0000000083200000, 0x0000000100000000)
  region size 1024K, 27 young (27648K), 2 survivors (2048K)
 Metaspace       used 21344K, committed 21504K, reserved 1073152K
  class space    used 2325K, committed 2432K, reserved 1048576K
}
Event: 1.143 GC heap after
{Heap after GC invocations=3 (full 0):
 garbage-first heap   total 129024K, used 10329K [0x0000000083200000, 0x0000000100000000)
  region size 1024K, 4 young (4096K), 4 survivors (4096K)
 Metaspace       used 21344K, committed 21504K, reserved 1073152K
  class space    used 2325K, committed 2432K, reserved 1048576K
}
Event: 1.487 GC heap before
{Heap before GC invocations=4 (full 0):
 garbage-first heap   total 45056K, used 35929K [0x0000000083200000, 0x0000000100000000)
  region size 1024K, 26 young (26624K), 4 survivors (4096K)
 Metaspace       used 28023K, committed 28224K, reserved 1081344K
  class space    used 3077K, committed 3200K, reserved 1048576K
}
Event: 1.498 GC heap after
{Heap after GC invocations=5 (full 0):
 garbage-first heap   total 45056K, used 16294K [0x0000000083200000, 0x0000000100000000)
  region size 1024K, 2 young (2048K), 2 survivors (2048K)
 Metaspace       used 28023K, committed 28224K, reserved 1081344K
  class space    used 3077K, committed 3200K, reserved 1048576K
}
Event: 1.511 GC heap before
{Heap before GC invocations=5 (full 0):
 garbage-first heap   total 45056K, used 17318K [0x0000000083200000, 0x0000000100000000)
  region size 1024K, 3 young (3072K), 2 survivors (2048K)
 Metaspace       used 28324K, committed 28608K, reserved 1081344K
  class space    used 3125K, committed 3264K, reserved 1048576K
}
Event: 1.516 GC heap after
{Heap after GC invocations=6 (full 0):
 garbage-first heap   total 45056K, used 16697K [0x0000000083200000, 0x0000000100000000)
  region size 1024K, 1 young (1024K), 1 survivors (1024K)
 Metaspace       used 28324K, committed 28608K, reserved 1081344K
  class space    used 3125K, committed 3264K, reserved 1048576K
}
Event: 1.722 GC heap before
{Heap before GC invocations=6 (full 0):
 garbage-first heap   total 45056K, used 34105K [0x0000000083200000, 0x0000000100000000)
  region size 1024K, 17 young (17408K), 1 survivors (1024K)
 Metaspace       used 31241K, committed 31488K, reserved 1081344K
  class space    used 3782K, committed 3904K, reserved 1048576K
}
Event: 1.729 GC heap after
{Heap after GC invocations=7 (full 0):
 garbage-first heap   total 45056K, used 21949K [0x0000000083200000, 0x0000000100000000)
  region size 1024K, 3 young (3072K), 3 survivors (3072K)
 Metaspace       used 31241K, committed 31488K, reserved 1081344K
  class space    used 3782K, committed 3904K, reserved 1048576K
}
Event: 1.883 GC heap before
{Heap before GC invocations=7 (full 0):
 garbage-first heap   total 45056K, used 32189K [0x0000000083200000, 0x0000000100000000)
  region size 1024K, 14 young (14336K), 3 survivors (3072K)
 Metaspace       used 34122K, committed 34304K, reserved 1081344K
  class space    used 4330K, committed 4416K, reserved 1048576K
}
Event: 1.891 GC heap after
{Heap after GC invocations=8 (full 0):
 garbage-first heap   total 87040K, used 23254K [0x0000000083200000, 0x0000000100000000)
  region size 1024K, 2 young (2048K), 2 survivors (2048K)
 Metaspace       used 34122K, committed 34304K, reserved 1081344K
  class space    used 4330K, committed 4416K, reserved 1048576K
}
Event: 2.020 GC heap before
{Heap before GC invocations=8 (full 0):
 garbage-first heap   total 87040K, used 32470K [0x0000000083200000, 0x0000000100000000)
  region size 1024K, 12 young (12288K), 2 survivors (2048K)
 Metaspace       used 36077K, committed 36288K, reserved 1081344K
  class space    used 4541K, committed 4672K, reserved 1048576K
}
Event: 2.027 GC heap after
{Heap after GC invocations=9 (full 0):
 garbage-first heap   total 87040K, used 24910K [0x0000000083200000, 0x0000000100000000)
  region size 1024K, 3 young (3072K), 3 survivors (3072K)
 Metaspace       used 36077K, committed 36288K, reserved 1081344K
  class space    used 4541K, committed 4672K, reserved 1048576K
}
Event: 2.488 GC heap before
{Heap before GC invocations=10 (full 0):
 garbage-first heap   total 87040K, used 60750K [0x0000000083200000, 0x0000000100000000)
  region size 1024K, 38 young (38912K), 3 survivors (3072K)
 Metaspace       used 43082K, committed 43264K, reserved 1089536K
  class space    used 5233K, committed 5312K, reserved 1048576K
}
Event: 2.500 GC heap after
{Heap after GC invocations=11 (full 0):
 garbage-first heap   total 87040K, used 26221K [0x0000000083200000, 0x0000000100000000)
  region size 1024K, 5 young (5120K), 5 survivors (5120K)
 Metaspace       used 43082K, committed 43264K, reserved 1089536K
  class space    used 5233K, committed 5312K, reserved 1048576K
}
Event: 2.514 GC heap before
{Heap before GC invocations=11 (full 0):
 garbage-first heap   total 87040K, used 26221K [0x0000000083200000, 0x0000000100000000)
  region size 1024K, 6 young (6144K), 5 survivors (5120K)
 Metaspace       used 43254K, committed 43456K, reserved 1089536K
  class space    used 5252K, committed 5312K, reserved 1048576K
}
Event: 2.523 GC heap after
{Heap after GC invocations=12 (full 0):
 garbage-first heap   total 87040K, used 26663K [0x0000000083200000, 0x0000000100000000)
  region size 1024K, 1 young (1024K), 1 survivors (1024K)
 Metaspace       used 43254K, committed 43456K, reserved 1089536K
  class space    used 5252K, committed 5312K, reserved 1048576K
}
Event: 3.046 GC heap before
{Heap before GC invocations=12 (full 0):
 garbage-first heap   total 87040K, used 63527K [0x0000000083200000, 0x0000000100000000)
  region size 1024K, 34 young (34816K), 1 survivors (1024K)
 Metaspace       used 48780K, committed 48960K, reserved 1097728K
  class space    used 5884K, committed 5952K, reserved 1048576K
}
Event: 3.059 GC heap after
{Heap after GC invocations=13 (full 0):
 garbage-first heap   total 87040K, used 33395K [0x0000000083200000, 0x0000000100000000)
  region size 1024K, 5 young (5120K), 5 survivors (5120K)
 Metaspace       used 48780K, committed 48960K, reserved 1097728K
  class space    used 5884K, committed 5952K, reserved 1048576K
}
Event: 3.360 GC heap before
{Heap before GC invocations=13 (full 0):
 garbage-first heap   total 87040K, used 64115K [0x0000000083200000, 0x0000000100000000)
  region size 1024K, 35 young (35840K), 5 survivors (5120K)
 Metaspace       used 52378K, committed 52736K, reserved 1097728K
  class space    used 6296K, committed 6464K, reserved 1048576K
}

